2025-04-07 08:23:25.881 -05:00 [INF] User profile is available. Using 'C:\Users\kiwar\AppData\Local\ASP.NET\DataProtection-Keys' as key repository and Windows DPAPI to encrypt keys at rest.
2025-04-07 08:23:26.315 -05:00 [INF] Now listening on: https://localhost:7107
2025-04-07 08:23:26.318 -05:00 [INF] Now listening on: http://localhost:5119
2025-04-07 08:23:26.584 -05:00 [INF] Application started. Press Ctrl+C to shut down.
2025-04-07 08:23:26.585 -05:00 [INF] Hosting environment: Development
2025-04-07 08:23:26.586 -05:00 [INF] Content root path: C:\Users\kiwar\source\repos\ApiResD\ApiResD
2025-04-07 08:23:30.468 -05:00 [INF] Request starting HTTP/2 GET https://localhost:7107/swagger/index.html - null null
2025-04-07 08:23:30.744 -05:00 [INF] Request finished HTTP/2 GET https://localhost:7107/swagger/index.html - 200 null text/html;charset=utf-8 282.5055ms
2025-04-07 08:23:30.778 -05:00 [INF] Request starting HTTP/2 GET https://localhost:7107/_framework/aspnetcore-browser-refresh.js - null null
2025-04-07 08:23:30.798 -05:00 [INF] Request finished HTTP/2 GET https://localhost:7107/_framework/aspnetcore-browser-refresh.js - 200 16499 application/javascript; charset=utf-8 19.6015ms
2025-04-07 08:23:30.877 -05:00 [INF] Request starting HTTP/2 GET https://localhost:7107/_vs/browserLink - null null
2025-04-07 08:23:31.023 -05:00 [INF] Request finished HTTP/2 GET https://localhost:7107/_vs/browserLink - 200 null text/javascript; charset=UTF-8 145.8687ms
2025-04-07 08:23:31.101 -05:00 [INF] Request starting HTTP/2 GET https://localhost:7107/swagger/v1/swagger.json - null null
2025-04-07 08:23:31.156 -05:00 [INF] Request finished HTTP/2 GET https://localhost:7107/swagger/v1/swagger.json - 200 null application/json;charset=utf-8 54.5157ms
2025-04-07 08:23:40.027 -05:00 [INF] Request starting HTTP/2 GET https://localhost:7107/api/Clients - null null
2025-04-07 08:23:40.251 -05:00 [INF] Executing endpoint 'ApiResD.Controllers.ClientsController.GetClient (ApiResD)'
2025-04-07 08:23:40.309 -05:00 [INF] Route matched with {action = "GetClient", controller = "Clients"}. Executing controller action with signature System.Threading.Tasks.Task`1[Microsoft.AspNetCore.Mvc.ActionResult`1[System.Collections.Generic.IEnumerable`1[ApiResD.Models.Client]]] GetClient() on controller ApiResD.Controllers.ClientsController (ApiResD).
2025-04-07 08:23:43.139 -05:00 [INF] Executed DbCommand (75ms) [Parameters=[], CommandType='"Text"', CommandTimeout='30']
SELECT [c].[id], [c].[email], [c].[name]
FROM [Client] AS [c]
2025-04-07 08:23:43.241 -05:00 [INF] Executing ObjectResult, writing value of type 'System.Collections.Generic.List`1[[ApiResD.Models.Client, ApiResD, Version=1.0.0.0, Culture=neutral, PublicKeyToken=null]]'.
2025-04-07 08:23:43.274 -05:00 [INF] Executed action ApiResD.Controllers.ClientsController.GetClient (ApiResD) in 2948.7236ms
2025-04-07 08:23:43.281 -05:00 [INF] Executed endpoint 'ApiResD.Controllers.ClientsController.GetClient (ApiResD)'
2025-04-07 08:23:43.302 -05:00 [INF] Request finished HTTP/2 GET https://localhost:7107/api/Clients - 200 null application/json; charset=utf-8 3275.0967ms
2025-04-07 08:24:57.153 -05:00 [INF] Application is shutting down...
