2025-03-31 12:23:20.913 -05:00 [INF] Now listening on: https://localhost:7107
2025-03-31 12:23:20.950 -05:00 [INF] Now listening on: http://localhost:5119
2025-03-31 12:23:21.025 -05:00 [INF] Application started. Press Ctrl+C to shut down.
2025-03-31 12:23:21.027 -05:00 [INF] Hosting environment: Development
2025-03-31 12:23:21.028 -05:00 [INF] Content root path: C:\Users\kiwar\source\repos\ApiResD\ApiResD
2025-03-31 12:23:21.831 -05:00 [INF] Request starting HTTP/2 GET https://localhost:7107/swagger/index.html - null null
2025-03-31 12:23:22.010 -05:00 [INF] Request finished HTTP/2 GET https://localhost:7107/swagger/index.html - 200 null text/html;charset=utf-8 184.7477ms
2025-03-31 12:23:22.028 -05:00 [INF] Request starting HTTP/2 GET https://localhost:7107/_framework/aspnetcore-browser-refresh.js - null null
2025-03-31 12:23:22.041 -05:00 [INF] Request finished HTTP/2 GET https://localhost:7107/_framework/aspnetcore-browser-refresh.js - 200 16499 application/javascript; charset=utf-8 12.8104ms
2025-03-31 12:23:22.101 -05:00 [INF] Request starting HTTP/2 GET https://localhost:7107/_vs/browserLink - null null
2025-03-31 12:23:22.160 -05:00 [INF] Request finished HTTP/2 GET https://localhost:7107/_vs/browserLink - 200 null text/javascript; charset=UTF-8 58.7987ms
2025-03-31 12:23:22.223 -05:00 [INF] Request starting HTTP/2 GET https://localhost:7107/swagger/v1/swagger.json - null null
2025-03-31 12:23:22.251 -05:00 [INF] Request finished HTTP/2 GET https://localhost:7107/swagger/v1/swagger.json - 200 null application/json;charset=utf-8 28.2654ms
2025-03-31 12:23:35.439 -05:00 [INF] Request starting HTTP/2 GET https://localhost:7107/api/Clients/0 - null null
2025-03-31 12:23:35.459 -05:00 [INF] Executing endpoint 'ApiResD.Controllers.ClientsController.GetClient (ApiResD)'
2025-03-31 12:23:35.484 -05:00 [INF] Route matched with {action = "GetClient", controller = "Clients"}. Executing controller action with signature System.Threading.Tasks.Task`1[Microsoft.AspNetCore.Mvc.ActionResult`1[ApiResD.Models.Client]] GetClient(Int32) on controller ApiResD.Controllers.ClientsController (ApiResD).
2025-03-31 12:23:36.567 -05:00 [INF] Executed DbCommand (49ms) [Parameters=[@__p_0='?' (DbType = Int32)], CommandType='"Text"', CommandTimeout='30']
SELECT TOP(1) [c].[id], [c].[email], [c].[name]
FROM [Client] AS [c]
WHERE [c].[id] = @__p_0
2025-03-31 12:23:36.603 -05:00 [INF] Executing ObjectResult, writing value of type 'Microsoft.AspNetCore.Mvc.ProblemDetails'.
2025-03-31 12:23:36.626 -05:00 [INF] Executed action ApiResD.Controllers.ClientsController.GetClient (ApiResD) in 1135.5192ms
2025-03-31 12:23:36.630 -05:00 [INF] Executed endpoint 'ApiResD.Controllers.ClientsController.GetClient (ApiResD)'
2025-03-31 12:23:36.637 -05:00 [INF] Request finished HTTP/2 GET https://localhost:7107/api/Clients/0 - 404 null application/problem+json; charset=utf-8 1198.2439ms
2025-03-31 12:24:42.794 -05:00 [INF] Application is shutting down...
